<?xml version="1.0" encoding="UTF-8" ?>
<testsuite errors="1" failures="0" hostname="ADMINIB-QHH5KAI" name="com.journaldev.spring.dao.test.PersonDAOTest" skipped="0" tests="1" time="0.0" timestamp="2018-06-15T14:50:25">
  <properties>
[...]
</properties>
  <error message="com.journaldev.spring.dao.test.PersonDAOTest" type="java.lang.ClassNotFoundException">java.lang.ClassNotFoundException: com.journaldev.spring.dao.test.PersonDAOTest
	at java.net.URLClassLoader.findClass(Unknown Source)
	at java.lang.ClassLoader.loadClass(Unknown Source)
	at sun.misc.Launcher$AppClassLoader.loadClass(Unknown Source)
	at java.lang.ClassLoader.loadClass(Unknown Source)
	at java.lang.Class.forName0(Native Method)
	at java.lang.Class.forName(Unknown Source)
</error>
  <system-out><![CDATA[]]></system-out>
  <system-err><![CDATA[]]></system-err>
</testsuite>
